2024-06-27 11:03:56 Produced message on topic sentences with value of {"sentence": "The quixotic bongo spares tourist."}

2024-06-27 11:03:57 Produced message on topic sentences with value of {"sentence": "The strong portrait returns casualty."}

2024-06-27 11:03:58 Produced message on topic sentences with value of {"sentence": "The jumpy interior irritates costume."}

2024-06-27 11:03:59 Produced message on topic sentences with value of {"sentence": "The spotless zipper untidies analogue."}

2024-06-27 11:04:00 Produced message on topic sentences with value of {"sentence": "The chunky domain reflects grip."}

2024-06-27 11:04:01 Produced message on topic sentences with value of {"sentence": "The bored comportment suspends climate."}

2024-06-27 11:04:02 Produced message on topic sentences with value of {"sentence": "The abhorrent depth knits anesthesiology."}

2024-06-27 11:04:03 Produced message on topic sentences with value of {"sentence": "The large heirloom telephones otter."}

2024-06-27 11:04:04 Produced message on topic sentences with value of {"sentence": "The motionless element sucks tachometer."}

2024-06-27 11:04:05 Produced message on topic sentences with value of {"sentence": "The cloistered oat stitches fee."}

2024-06-27 11:04:06 Produced message on topic sentences with value of {"sentence": "The lamentable equity sketches hatbox."}

2024-06-27 11:04:07 Produced message on topic sentences with value of {"sentence": "The towering faithful lectures sin."}

2024-06-27 11:04:08 Produced message on topic sentences with value of {"sentence": "The inquisitive inversion smites tomorrow."}

2024-06-27 11:04:09 Produced message on topic sentences with value of {"sentence": "The brief generator notices brunch."}

2024-06-27 11:04:10 Produced message on topic sentences with value of {"sentence": "The dashing indicator tours pint."}

2024-06-27 11:04:11 Produced message on topic sentences with value of {"sentence": "The unadvised ptarmigan scribbles review."}

2024-06-27 11:04:12 Produced message on topic sentences with value of {"sentence": "The knowing trombone stamps sty."}

2024-06-27 11:04:13 Produced message on topic sentences with value of {"sentence": "The defeated fulfillment cleans thorn."}

2024-06-27 11:04:15 Produced message on topic sentences with value of {"sentence": "The testy rank drops lychee."}

2024-06-27 11:04:16 Produced message on topic sentences with value of {"sentence": "The proud adult catches overclocking."}

2024-06-27 11:04:17 Produced message on topic sentences with value of {"sentence": "The psychedelic wedge diverts osprey."}

2024-06-27 11:04:18 Produced message on topic sentences with value of {"sentence": "The brash star unlocks yarn."}

2024-06-27 11:04:19 Produced message on topic sentences with value of {"sentence": "The roasted pork faces rheumatism."}

2024-06-27 11:04:20 Produced message on topic sentences with value of {"sentence": "The diligent pagan dusts hornet."}

2024-06-27 11:04:21 Produced message on topic sentences with value of {"sentence": "The honorable hornet forces quit."}

2024-06-27 11:04:22 Produced message on topic sentences with value of {"sentence": "The petite remains symbolizes corral."}

2024-06-27 11:04:23 Produced message on topic sentences with value of {"sentence": "The warlike isolation understands sandal."}

2024-06-27 11:04:24 Produced message on topic sentences with value of {"sentence": "The purring following breathes bikini."}

2024-06-27 11:04:25 Produced message on topic sentences with value of {"sentence": "The ancient grandmother refuses director."}

2024-06-27 11:04:26 Produced message on topic sentences with value of {"sentence": "The subsequent index arrests mozzarella."}

2024-06-27 11:04:27 Produced message on topic sentences with value of {"sentence": "The judicious interview shears sport."}

2024-06-27 11:04:28 Produced message on topic sentences with value of {"sentence": "The painstaking angina keeps idea."}

2024-06-27 11:04:29 Produced message on topic sentences with value of {"sentence": "The icy correspondence cares portrait."}

2024-06-27 11:04:30 Produced message on topic sentences with value of {"sentence": "The breezy insurrection screams emergent."}

2024-06-27 11:04:31 Produced message on topic sentences with value of {"sentence": "The fluffy original opens journalism."}

2024-06-27 11:04:32 Produced message on topic sentences with value of {"sentence": "The ossified atelier sprouts study."}

2024-06-27 11:04:33 Produced message on topic sentences with value of {"sentence": "The overjoyed ant wanders cheer."}

2024-06-27 11:04:34 Produced message on topic sentences with value of {"sentence": "The scandalous hospitalization presents shootdown."}

2024-06-27 11:04:35 Produced message on topic sentences with value of {"sentence": "The jaded nod tests surname."}

2024-06-27 11:04:36 Produced message on topic sentences with value of {"sentence": "The muddled spotlight utilizes mangrove."}

2024-06-27 11:04:37 Produced message on topic sentences with value of {"sentence": "The thoughtless hatbox notices family."}

2024-06-27 11:04:38 Produced message on topic sentences with value of {"sentence": "The ahead shakedown disagrees graft."}

2024-06-27 11:04:39 Produced message on topic sentences with value of {"sentence": "The devilish sheet meets soulmate."}

2024-06-27 11:04:40 Produced message on topic sentences with value of {"sentence": "The depressed dose sounds toothbrush."}

2024-06-27 11:04:41 Produced message on topic sentences with value of {"sentence": "The malicious hemisphere shrugs folk."}

2024-06-27 11:04:42 Produced message on topic sentences with value of {"sentence": "The noxious housing dos caution."}

2024-06-27 11:04:43 Produced message on topic sentences with value of {"sentence": "The momentous razor invites bijou."}

2024-06-27 11:04:44 Produced message on topic sentences with value of {"sentence": "The tiny cart measures fellow."}

2024-06-27 11:04:45 Produced message on topic sentences with value of {"sentence": "The icky regulation meets model."}

2024-06-27 11:04:46 Produced message on topic sentences with value of {"sentence": "The colossal pedal demonstrates collaboration."}

2024-06-27 11:04:47 Produced message on topic sentences with value of {"sentence": "The silly adobe restructures unique."}

2024-06-27 11:04:48 Produced message on topic sentences with value of {"sentence": "The abashed disengagement spits hummus."}

2024-06-27 11:04:49 Produced message on topic sentences with value of {"sentence": "The elite beancurd causes welfare."}

2024-06-27 11:04:50 Produced message on topic sentences with value of {"sentence": "The learned bombing flies flung."}

2024-06-27 11:04:51 Produced message on topic sentences with value of {"sentence": "The elderly coyote researches matrix."}

2024-06-27 11:04:52 Produced message on topic sentences with value of {"sentence": "The amuck petitioner rescues walkway."}

2024-06-27 11:04:53 Produced message on topic sentences with value of {"sentence": "The uncovered wind-chime competes fabric."}

2024-06-27 11:04:54 Produced message on topic sentences with value of {"sentence": "The makeshift expose greets lout."}

2024-06-27 11:04:55 Produced message on topic sentences with value of {"sentence": "The illegal interval reconciles ottoman."}

2024-06-27 11:04:56 Produced message on topic sentences with value of {"sentence": "The crazy in-laws cheers diam."}

2024-06-27 11:04:57 Produced message on topic sentences with value of {"sentence": "The nauseating puma writes iridescence."}

